{"type":"server-started","port":60389,"host":"127.0.0.1","url_host":"localhost","url":"http://localhost:60389","screen_dir":"/Users/gracegaoya/work/project/qim/.superpowers/brainstorm/55315-1777713139"}
{"type":"screen-added","file":"/Users/gracegaoya/work/project/qim/.superpowers/brainstorm/55315-1777713139/system-tools-overview.html"}
{"type":"screen-updated","file":"/Users/gracegaoya/work/project/qim/.superpowers/brainstorm/55315-1777713139/system-tools-overview.html"}
{"type":"screen-updated","file":"/Users/gracegaoya/work/project/qim/.superpowers/brainstorm/55315-1777713139/system-tools-overview.html"}
{"type":"screen-updated","file":"/Users/gracegaoya/work/project/qim/.superpowers/brainstorm/55315-1777713139/system-tools-overview.html"}
{"type":"screen-updated","file":"/Users/gracegaoya/work/project/qim/.superpowers/brainstorm/55315-1777713139/system-tools-overview.html"}
{"type":"screen-updated","file":"/Users/gracegaoya/work/project/qim/.superpowers/brainstorm/55315-1777713139/system-tools-overview.html"}
{"type":"screen-updated","file":"/Users/gracegaoya/work/project/qim/.superpowers/brainstorm/55315-1777713139/system-tools-overview.html"}
{"type":"screen-updated","file":"/Users/gracegaoya/work/project/qim/.superpowers/brainstorm/55315-1777713139/system-tools-overview.html"}
{"type":"screen-updated","file":"/Users/gracegaoya/work/project/qim/.superpowers/brainstorm/55315-1777713139/system-tools-overview.html"}
{"type":"screen-updated","file":"/Users/gracegaoya/work/project/qim/.superpowers/brainstorm/55315-1777713139/system-tools-overview.html"}
{"type":"screen-updated","file":"/Users/gracegaoya/work/project/qim/.superpowers/brainstorm/55315-1777713139/system-tools-overview.html"}
{"type":"screen-updated","file":"/Users/gracegaoya/work/project/qim/.superpowers/brainstorm/55315-1777713139/system-tools-overview.html"}
{"type":"screen-updated","file":"/Users/gracegaoya/work/project/qim/.superpowers/brainstorm/55315-1777713139/system-tools-overview.html"}
{"type":"screen-updated","file":"/Users/gracegaoya/work/project/qim/.superpowers/brainstorm/55315-1777713139/system-tools-overview.html"}
{"type":"screen-updated","file":"/Users/gracegaoya/work/project/qim/.superpowers/brainstorm/55315-1777713139/system-tools-overview.html"}
{"type":"screen-updated","file":"/Users/gracegaoya/work/project/qim/.superpowers/brainstorm/55315-1777713139/system-tools-overview.html"}
{"type":"screen-updated","file":"/Users/gracegaoya/work/project/qim/.superpowers/brainstorm/55315-1777713139/system-tools-overview.html"}
{"type":"screen-updated","file":"/Users/gracegaoya/work/project/qim/.superpowers/brainstorm/55315-1777713139/system-tools-overview.html"}
{"type":"screen-updated","file":"/Users/gracegaoya/work/project/qim/.superpowers/brainstorm/55315-1777713139/system-tools-overview.html"}
{"type":"screen-updated","file":"/Users/gracegaoya/work/project/qim/.superpowers/brainstorm/55315-1777713139/system-tools-overview.html"}
{"type":"screen-updated","file":"/Users/gracegaoya/work/project/qim/.superpowers/brainstorm/55315-1777713139/system-tools-overview.html"}
{"type":"screen-updated","file":"/Users/gracegaoya/work/project/qim/.superpowers/brainstorm/55315-1777713139/system-tools-overview.html"}
{"type":"screen-updated","file":"/Users/gracegaoya/work/project/qim/.superpowers/brainstorm/55315-1777713139/system-tools-overview.html"}
{"type":"screen-updated","file":"/Users/gracegaoya/work/project/qim/.superpowers/brainstorm/55315-1777713139/system-tools-overview.html"}
{"type":"screen-updated","file":"/Users/gracegaoya/work/project/qim/.superpowers/brainstorm/55315-1777713139/system-tools-overview.html"}
{"type":"screen-updated","file":"/Users/gracegaoya/work/project/qim/.superpowers/brainstorm/55315-1777713139/system-tools-overview.html"}
{"type":"screen-updated","file":"/Users/gracegaoya/work/project/qim/.superpowers/brainstorm/55315-1777713139/system-tools-overview.html"}
{"type":"screen-updated","file":"/Users/gracegaoya/work/project/qim/.superpowers/brainstorm/55315-1777713139/system-tools-overview.html"}
{"type":"screen-updated","file":"/Users/gracegaoya/work/project/qim/.superpowers/brainstorm/55315-1777713139/system-tools-overview.html"}
{"type":"screen-updated","file":"/Users/gracegaoya/work/project/qim/.superpowers/brainstorm/55315-1777713139/system-tools-overview.html"}
{"type":"screen-updated","file":"/Users/gracegaoya/work/project/qim/.superpowers/brainstorm/55315-1777713139/system-tools-overview.html"}
{"type":"screen-updated","file":"/Users/gracegaoya/work/project/qim/.superpowers/brainstorm/55315-1777713139/system-tools-overview.html"}
{"type":"screen-updated","file":"/Users/gracegaoya/work/project/qim/.superpowers/brainstorm/55315-1777713139/system-tools-overview.html"}
{"type":"screen-updated","file":"/Users/gracegaoya/work/project/qim/.superpowers/brainstorm/55315-1777713139/system-tools-overview.html"}
{"type":"screen-updated","file":"/Users/gracegaoya/work/project/qim/.superpowers/brainstorm/55315-1777713139/system-tools-overview.html"}
{"type":"screen-updated","file":"/Users/gracegaoya/work/project/qim/.superpowers/brainstorm/55315-1777713139/system-tools-overview.html"}
{"type":"screen-updated","file":"/Users/gracegaoya/work/project/qim/.superpowers/brainstorm/55315-1777713139/system-tools-overview.html"}
{"type":"screen-updated","file":"/Users/gracegaoya/work/project/qim/.superpowers/brainstorm/55315-1777713139/system-tools-overview.html"}
{"type":"screen-updated","file":"/Users/gracegaoya/work/project/qim/.superpowers/brainstorm/55315-1777713139/system-tools-overview.html"}
{"type":"screen-updated","file":"/Users/gracegaoya/work/project/qim/.superpowers/brainstorm/55315-1777713139/system-tools-overview.html"}
{"type":"screen-updated","file":"/Users/gracegaoya/work/project/qim/.superpowers/brainstorm/55315-1777713139/system-tools-overview.html"}
{"type":"screen-updated","file":"/Users/gracegaoya/work/project/qim/.superpowers/brainstorm/55315-1777713139/system-tools-overview.html"}
{"type":"screen-updated","file":"/Users/gracegaoya/work/project/qim/.superpowers/brainstorm/55315-1777713139/system-tools-overview.html"}
{"type":"screen-updated","file":"/Users/gracegaoya/work/project/qim/.superpowers/brainstorm/55315-1777713139/system-tools-overview.html"}
{"type":"screen-updated","file":"/Users/gracegaoya/work/project/qim/.superpowers/brainstorm/55315-1777713139/system-tools-overview.html"}
{"type":"screen-updated","file":"/Users/gracegaoya/work/project/qim/.superpowers/brainstorm/55315-1777713139/system-tools-overview.html"}
{"type":"screen-updated","file":"/Users/gracegaoya/work/project/qim/.superpowers/brainstorm/55315-1777713139/system-tools-overview.html"}
{"type":"screen-updated","file":"/Users/gracegaoya/work/project/qim/.superpowers/brainstorm/55315-1777713139/system-tools-overview.html"}
{"type":"screen-updated","file":"/Users/gracegaoya/work/project/qim/.superpowers/brainstorm/55315-1777713139/system-tools-overview.html"}
{"type":"screen-updated","file":"/Users/gracegaoya/work/project/qim/.superpowers/brainstorm/55315-1777713139/system-tools-overview.html"}
{"type":"screen-updated","file":"/Users/gracegaoya/work/project/qim/.superpowers/brainstorm/55315-1777713139/system-tools-overview.html"}
{"type":"screen-updated","file":"/Users/gracegaoya/work/project/qim/.superpowers/brainstorm/55315-1777713139/system-tools-overview.html"}
{"type":"screen-updated","file":"/Users/gracegaoya/work/project/qim/.superpowers/brainstorm/55315-1777713139/system-tools-overview.html"}
{"type":"screen-updated","file":"/Users/gracegaoya/work/project/qim/.superpowers/brainstorm/55315-1777713139/system-tools-overview.html"}
{"type":"screen-updated","file":"/Users/gracegaoya/work/project/qim/.superpowers/brainstorm/55315-1777713139/system-tools-overview.html"}
{"type":"screen-updated","file":"/Users/gracegaoya/work/project/qim/.superpowers/brainstorm/55315-1777713139/system-tools-overview.html"}
{"type":"screen-updated","file":"/Users/gracegaoya/work/project/qim/.superpowers/brainstorm/55315-1777713139/system-tools-overview.html"}
{"type":"screen-updated","file":"/Users/gracegaoya/work/project/qim/.superpowers/brainstorm/55315-1777713139/system-tools-overview.html"}
{"type":"screen-updated","file":"/Users/gracegaoya/work/project/qim/.superpowers/brainstorm/55315-1777713139/system-tools-overview.html"}
{"type":"screen-updated","file":"/Users/gracegaoya/work/project/qim/.superpowers/brainstorm/55315-1777713139/system-tools-overview.html"}
{"type":"screen-updated","file":"/Users/gracegaoya/work/project/qim/.superpowers/brainstorm/55315-1777713139/system-tools-overview.html"}
{"type":"screen-updated","file":"/Users/gracegaoya/work/project/qim/.superpowers/brainstorm/55315-1777713139/system-tools-overview.html"}
{"type":"screen-updated","file":"/Users/gracegaoya/work/project/qim/.superpowers/brainstorm/55315-1777713139/system-tools-overview.html"}
{"type":"screen-updated","file":"/Users/gracegaoya/work/project/qim/.superpowers/brainstorm/55315-1777713139/system-tools-overview.html"}
{"type":"screen-updated","file":"/Users/gracegaoya/work/project/qim/.superpowers/brainstorm/55315-1777713139/system-tools-overview.html"}
{"type":"screen-updated","file":"/Users/gracegaoya/work/project/qim/.superpowers/brainstorm/55315-1777713139/system-tools-overview.html"}
{"type":"screen-updated","file":"/Users/gracegaoya/work/project/qim/.superpowers/brainstorm/55315-1777713139/system-tools-overview.html"}
{"type":"screen-updated","file":"/Users/gracegaoya/work/project/qim/.superpowers/brainstorm/55315-1777713139/system-tools-overview.html"}
{"type":"screen-updated","file":"/Users/gracegaoya/work/project/qim/.superpowers/brainstorm/55315-1777713139/system-tools-overview.html"}
{"type":"screen-updated","file":"/Users/gracegaoya/work/project/qim/.superpowers/brainstorm/55315-1777713139/system-tools-overview.html"}
{"type":"screen-updated","file":"/Users/gracegaoya/work/project/qim/.superpowers/brainstorm/55315-1777713139/system-tools-overview.html"}
{"type":"screen-updated","file":"/Users/gracegaoya/work/project/qim/.superpowers/brainstorm/55315-1777713139/system-tools-overview.html"}
{"type":"screen-updated","file":"/Users/gracegaoya/work/project/qim/.superpowers/brainstorm/55315-1777713139/system-tools-overview.html"}
{"type":"screen-updated","file":"/Users/gracegaoya/work/project/qim/.superpowers/brainstorm/55315-1777713139/system-tools-overview.html"}
{"type":"screen-updated","file":"/Users/gracegaoya/work/project/qim/.superpowers/brainstorm/55315-1777713139/system-tools-overview.html"}
{"type":"screen-updated","file":"/Users/gracegaoya/work/project/qim/.superpowers/brainstorm/55315-1777713139/system-tools-overview.html"}
{"type":"screen-updated","file":"/Users/gracegaoya/work/project/qim/.superpowers/brainstorm/55315-1777713139/system-tools-overview.html"}
{"type":"screen-updated","file":"/Users/gracegaoya/work/project/qim/.superpowers/brainstorm/55315-1777713139/system-tools-overview.html"}
{"type":"screen-updated","file":"/Users/gracegaoya/work/project/qim/.superpowers/brainstorm/55315-1777713139/system-tools-overview.html"}
{"type":"screen-updated","file":"/Users/gracegaoya/work/project/qim/.superpowers/brainstorm/55315-1777713139/system-tools-overview.html"}
{"type":"screen-updated","file":"/Users/gracegaoya/work/project/qim/.superpowers/brainstorm/55315-1777713139/system-tools-overview.html"}
{"type":"screen-updated","file":"/Users/gracegaoya/work/project/qim/.superpowers/brainstorm/55315-1777713139/system-tools-overview.html"}
{"type":"screen-updated","file":"/Users/gracegaoya/work/project/qim/.superpowers/brainstorm/55315-1777713139/system-tools-overview.html"}
{"type":"screen-updated","file":"/Users/gracegaoya/work/project/qim/.superpowers/brainstorm/55315-1777713139/system-tools-overview.html"}
{"type":"screen-updated","file":"/Users/gracegaoya/work/project/qim/.superpowers/brainstorm/55315-1777713139/system-tools-overview.html"}
{"type":"screen-updated","file":"/Users/gracegaoya/work/project/qim/.superpowers/brainstorm/55315-1777713139/system-tools-overview.html"}
{"type":"screen-updated","file":"/Users/gracegaoya/work/project/qim/.superpowers/brainstorm/55315-1777713139/system-tools-overview.html"}
{"type":"screen-updated","file":"/Users/gracegaoya/work/project/qim/.superpowers/brainstorm/55315-1777713139/system-tools-overview.html"}
{"type":"screen-updated","file":"/Users/gracegaoya/work/project/qim/.superpowers/brainstorm/55315-1777713139/system-tools-overview.html"}
{"type":"screen-updated","file":"/Users/gracegaoya/work/project/qim/.superpowers/brainstorm/55315-1777713139/system-tools-overview.html"}
{"type":"screen-updated","file":"/Users/gracegaoya/work/project/qim/.superpowers/brainstorm/55315-1777713139/system-tools-overview.html"}
{"type":"screen-updated","file":"/Users/gracegaoya/work/project/qim/.superpowers/brainstorm/55315-1777713139/system-tools-overview.html"}
{"type":"screen-updated","file":"/Users/gracegaoya/work/project/qim/.superpowers/brainstorm/55315-1777713139/system-tools-overview.html"}
{"type":"screen-updated","file":"/Users/gracegaoya/work/project/qim/.superpowers/brainstorm/55315-1777713139/system-tools-overview.html"}
{"type":"screen-updated","file":"/Users/gracegaoya/work/project/qim/.superpowers/brainstorm/55315-1777713139/system-tools-overview.html"}
{"type":"screen-updated","file":"/Users/gracegaoya/work/project/qim/.superpowers/brainstorm/55315-1777713139/system-tools-overview.html"}
{"type":"screen-updated","file":"/Users/gracegaoya/work/project/qim/.superpowers/brainstorm/55315-1777713139/system-tools-overview.html"}
{"type":"screen-updated","file":"/Users/gracegaoya/work/project/qim/.superpowers/brainstorm/55315-1777713139/system-tools-overview.html"}
{"type":"screen-updated","file":"/Users/gracegaoya/work/project/qim/.superpowers/brainstorm/55315-1777713139/system-tools-overview.html"}
{"type":"screen-updated","file":"/Users/gracegaoya/work/project/qim/.superpowers/brainstorm/55315-1777713139/system-tools-overview.html"}
{"type":"screen-updated","file":"/Users/gracegaoya/work/project/qim/.superpowers/brainstorm/55315-1777713139/system-tools-overview.html"}
{"type":"screen-updated","file":"/Users/gracegaoya/work/project/qim/.superpowers/brainstorm/55315-1777713139/system-tools-overview.html"}
{"type":"screen-updated","file":"/Users/gracegaoya/work/project/qim/.superpowers/brainstorm/55315-1777713139/system-tools-overview.html"}
{"type":"screen-updated","file":"/Users/gracegaoya/work/project/qim/.superpowers/brainstorm/55315-1777713139/system-tools-overview.html"}
{"type":"screen-updated","file":"/Users/gracegaoya/work/project/qim/.superpowers/brainstorm/55315-1777713139/system-tools-overview.html"}
{"type":"screen-updated","file":"/Users/gracegaoya/work/project/qim/.superpowers/brainstorm/55315-1777713139/system-tools-overview.html"}
{"type":"screen-updated","file":"/Users/gracegaoya/work/project/qim/.superpowers/brainstorm/55315-1777713139/system-tools-overview.html"}
{"type":"screen-updated","file":"/Users/gracegaoya/work/project/qim/.superpowers/brainstorm/55315-1777713139/system-tools-overview.html"}
{"type":"screen-updated","file":"/Users/gracegaoya/work/project/qim/.superpowers/brainstorm/55315-1777713139/system-tools-overview.html"}
{"type":"screen-updated","file":"/Users/gracegaoya/work/project/qim/.superpowers/brainstorm/55315-1777713139/system-tools-overview.html"}
{"type":"screen-updated","file":"/Users/gracegaoya/work/project/qim/.superpowers/brainstorm/55315-1777713139/system-tools-overview.html"}
{"type":"screen-updated","file":"/Users/gracegaoya/work/project/qim/.superpowers/brainstorm/55315-1777713139/system-tools-overview.html"}
{"type":"screen-updated","file":"/Users/gracegaoya/work/project/qim/.superpowers/brainstorm/55315-1777713139/system-tools-overview.html"}
{"type":"screen-updated","file":"/Users/gracegaoya/work/project/qim/.superpowers/brainstorm/55315-1777713139/system-tools-overview.html"}
{"type":"screen-updated","file":"/Users/gracegaoya/work/project/qim/.superpowers/brainstorm/55315-1777713139/system-tools-overview.html"}
{"type":"screen-updated","file":"/Users/gracegaoya/work/project/qim/.superpowers/brainstorm/55315-1777713139/system-tools-overview.html"}
{"type":"screen-updated","file":"/Users/gracegaoya/work/project/qim/.superpowers/brainstorm/55315-1777713139/system-tools-overview.html"}
{"type":"screen-updated","file":"/Users/gracegaoya/work/project/qim/.superpowers/brainstorm/55315-1777713139/system-tools-overview.html"}
{"type":"screen-updated","file":"/Users/gracegaoya/work/project/qim/.superpowers/brainstorm/55315-1777713139/system-tools-overview.html"}
{"type":"screen-updated","file":"/Users/gracegaoya/work/project/qim/.superpowers/brainstorm/55315-1777713139/system-tools-overview.html"}
{"type":"screen-updated","file":"/Users/gracegaoya/work/project/qim/.superpowers/brainstorm/55315-1777713139/system-tools-overview.html"}
{"type":"screen-updated","file":"/Users/gracegaoya/work/project/qim/.superpowers/brainstorm/55315-1777713139/system-tools-overview.html"}
{"type":"screen-updated","file":"/Users/gracegaoya/work/project/qim/.superpowers/brainstorm/55315-1777713139/system-tools-overview.html"}
{"type":"screen-added","file":"/Users/gracegaoya/work/project/qim/.superpowers/brainstorm/55315-1777713139/app-list-layout.html"}
{"type":"screen-added","file":"/Users/gracegaoya/work/project/qim/.superpowers/brainstorm/55315-1777713139/shortlink-detail.html"}
{"type":"screen-added","file":"/Users/gracegaoya/work/project/qim/.superpowers/brainstorm/55315-1777713139/theme-adaptation.html"}
{"type":"server-stopped","reason":"idle timeout"}
